   280 SUCCESS  26    4686    3858303     823.37
  6738 FAILURE  30    4874    3802964     780.26
  4323 SUCCESS  17    2628    2022228     769.49
  9295 SUCCESS  14    2120    1509014     711.80
  1973 SUCCESS  28    4943    4024733     814.23
   334 SUCCESS  23    3001    2640956     880.03
  9213 SUCCESS  14    2618    2015177     769.74
  7285 SUCCESS  11    1568    1038381     662.23
  3121 SUCCESS  12    1990    1495923     751.72
   394 FAILURE  30    5066    4068205     803.04
  5987 FAILURE  30    4814    3670284     762.42
  9588 SUCCESS  27    4315    3484318     807.49
  9086 SUCCESS   6     886     444953     502.20
  7544 SUCCESS   9    1599    1146227     716.84
   862 FAILURE  30    5023    4076201     811.51
  3463 SUCCESS  11    1869    1358317     726.76
   228 SUCCESS   4     576     340471     591.10
  5253 FAILURE  30    4090    2818637     689.15
  6529 SUCCESS  11    1669    1139963     683.02
  4821 SUCCESS   9    1283     988761     770.66
  7561 SUCCESS   4     650     467612     719.40
  1466 SUCCESS  17    3105    2573282     828.75
  3172 FAILURE  30    3832    3074687     802.37
  9826 FAILURE  30    4510    3480578     771.75
  2370 SUCCESS  12    1852    1453715     784.94
   741 SUCCESS   8    1059     852514     805.02
  2493 SUCCESS  11    1319    1011779     767.08
  6654 SUCCESS  22    4011    3333194     831.01
  7551 SUCCESS   5     783     661800     845.21
  6118 SUCCESS   5     843     596711     707.84
  7628 SUCCESS   6     983     627729     638.58
  3615 FAILURE  30    4099    3382672     825.24
  9948 SUCCESS  21    3418    2518929     736.96
  7957 SUCCESS  22    3749    3061025     816.49
  6192 SUCCESS  10    1842    1517764     823.98
  1259 SUCCESS  16    2226    1670100     750.27
  2712 SUCCESS  14    2274    1695221     745.48
  9740 SUCCESS  23    3957    3206199     810.26
  6040 SUCCESS  22    3461    2560557     739.83
  1896 SUCCESS  28    4702    3572551     759.79
  9684 SUCCESS   7    1204     889498     738.79
  5584 SUCCESS  12    1836    1348906     734.70
  3531 SUCCESS  21    2925    2149723     734.95
   371 SUCCESS   8     923     764498     828.28
  5731 SUCCESS  28    5140    4069877     791.80
  7100 FAILURE  30    4185    3254697     777.71
  4507 SUCCESS   8    1272     987695     776.49
  9382 SUCCESS  19    3263    2578890     790.34
  4068 SUCCESS  28    4095    3056688     746.44
  3713 FAILURE  30    4438    3563969     803.06
  2758 FAILURE  30    4664    3659276     784.58
  5632 FAILURE  30    4020    2915502     725.25
  7774 SUCCESS   8     857     582958     680.23
  3644 SUCCESS   6     617     386066     625.71
  1145 SUCCESS   7    1017     757756     745.09
  2429 SUCCESS  26    3609    2783473     771.26
  7982 FAILURE  30    4171    3128880     750.15
  3854 SUCCESS  18    2764    2125493     768.99
  6034 SUCCESS  12    1910    1269630     664.73
  3217 SUCCESS  10    1460    1179120     807.62
  6751 SUCCESS  10    1447    1123437     776.39
  8367 FAILURE  30    4686    3501866     747.30
  8120 SUCCESS  12    1471    1178894     801.42
   173 SUCCESS  14    1826    1503422     823.34
  4850 SUCCESS  26    4690    3965025     845.42
   297 FAILURE  30    3985    2793265     700.94
  9599 FAILURE  30    3978    3065599     770.64
  5290 SUCCESS  15    2300    1913391     831.91
  7174 SUCCESS  12    1561    1288365     825.35
   610 FAILURE  30    4441    3355396     755.55
  5955 SUCCESS  20    3567    2841824     796.70
  5095 SUCCESS   5     967     569948     589.40
  3119 SUCCESS   9    1493    1187622     795.46
  3664 SUCCESS  18    3248    2512052     773.42
  3497 FAILURE  30    4144    2832683     683.56
  2517 SUCCESS  16    2134    1604819     752.02
  9836 SUCCESS  18    2676    2090612     781.25
  1282 FAILURE  30    4383    3730386     851.10
  6325 SUCCESS   3     437     269481     616.66
  3470 SUCCESS   8    1177     951939     808.78
  3520 SUCCESS   6     524     463417     884.38
   985 SUCCESS   6     610     387256     634.85
  8137 SUCCESS  20    3253    2570255     790.12
  8079 SUCCESS  13    2227    1626009     730.13
  5578 SUCCESS  19    3675    3044283     828.38
  3857 SUCCESS   6    1015     732921     722.09
  7726 SUCCESS   7    1043     910264     872.74
  1858 SUCCESS   4     636     524859     825.25
  5868 SUCCESS   6     605     377075     623.26
  9247 SUCCESS   5     760     535350     704.41
   427 SUCCESS   7    1060     819279     772.90
  4868 FAILURE  30    3923    3111875     793.24
  8954 SUCCESS  28    4857    4202857     865.32
  1768 SUCCESS  10    1249     923258     739.20
  3099 SUCCESS   7    1245    1038583     834.20
  2121 FAILURE  30    4367    3246515     743.42
  5418 FAILURE  30    3795    2787356     734.48
  5214 FAILURE  30    4929    4184243     848.90
  7873 SUCCESS   4     617     492766     798.65
