   280 SUCCESS   4     644     492169     764.24
  6738 SUCCESS  24    4013    3086866     769.22
  4323 SUCCESS  12    1587    1234403     777.82
  9295 FAILURE  30    4119    3207162     778.63
  1973 SUCCESS   9    1378    1120928     813.45
   334 SUCCESS  18    3394    2673744     787.79
  9213 SUCCESS  10    1714    1251617     730.23
  7285 SUCCESS  11    1571    1155531     735.54
  3121 FAILURE  30    5205    4488194     862.29
   394 SUCCESS  18    2786    2223112     797.96
  5987 FAILURE  30    4521    3503084     774.85
  9588 SUCCESS   8     767     526223     686.08
  9086 SUCCESS  24    3746    2926518     781.24
  7544 SUCCESS   6    1055     839850     796.07
   862 SUCCESS  11    2011    1623511     807.32
  3463 SUCCESS  21    4014    3433656     855.42
   228 SUCCESS   5     680     456748     671.69
  5253 SUCCESS   8    1123     750776     668.54
  6529 FAILURE  30    5057    4377390     865.61
  4821 SUCCESS   5     472     342781     726.23
  7561 SUCCESS  11    1581    1230612     778.38
  1466 FAILURE  30    5061    4069289     804.05
  3172 SUCCESS  19    3125    2546655     814.93
  9826 SUCCESS  26    4578    3675290     802.82
  2370 SUCCESS   5     688     552977     803.75
   741 SUCCESS  10    1659    1041184     627.60
  2493 SUCCESS  27    4394    3807484     866.52
  6654 SUCCESS  21    3701    3024046     817.09
  7551 SUCCESS   8    1057     812017     768.23
  6118 FAILURE  30    5438    4535590     834.05
  7628 SUCCESS  19    2794    2167384     775.73
  3615 FAILURE  30    4257    3180718     747.17
  9948 SUCCESS   5     433     325662     752.11
  7957 SUCCESS   6     996     732025     734.96
  6192 FAILURE  30    4801    3740808     779.17
  1259 SUCCESS  26    4366    3578246     819.57
  2712 SUCCESS   4     498     427567     858.57
  9740 FAILURE  30    5374    4222207     785.67
  6040 SUCCESS   3     602     402363     668.38
  1896 SUCCESS  20    3201    2025674     632.83
  9684 FAILURE  30    4307    3333082     773.88
  5584 SUCCESS  28    4375    3371092     770.54
  3531 SUCCESS  13    1601    1267676     791.80
   371 SUCCESS  25    3862    2789487     722.29
  5731 SUCCESS   3     557     426958     766.53
